<?xml version="1.0" encoding="UTF-8"?>
<robot generator="Robot 7.4.1 (Python 3.12.9 on win32)" generated="2026-01-29T18:59:45.221858" rpa="false" schemaversion="5">
<suite id="s1" name="4" source="G:\codes\wipro training\day12\4.robot">
<test id="s1-t1" name="Log Into Website" line="11">
<kw name="Open Browser" owner="SeleniumLibrary">
<msg time="2026-01-29T18:59:45.367368" level="INFO">Opening browser 'edge' to base url 'https://www.saucedemo.com/'.</msg>
<arg>${URL}</arg>
<arg>${BROWSER}</arg>
<doc>Opens a new browser instance to the optional ``url``.</doc>
<status status="PASS" start="2026-01-29T18:59:45.367368" elapsed="1.441829"/>
</kw>
<kw name="Maximize Browser Window" owner="SeleniumLibrary">
<doc>Maximizes current browser window.</doc>
<status status="PASS" start="2026-01-29T18:59:46.810188" elapsed="0.036064"/>
</kw>
<kw name="Sleep" owner="BuiltIn">
<msg time="2026-01-29T18:59:48.846795" level="INFO">Slept 2 seconds.</msg>
<arg>2s</arg>
<doc>Pauses the test executed for the given time.</doc>
<status status="PASS" start="2026-01-29T18:59:46.846252" elapsed="2.000543"/>
</kw>
<kw name="Capture Page Screenshot" owner="SeleniumLibrary">
<msg time="2026-01-29T18:59:48.925852" level="INFO" html="true">&lt;/td&gt;&lt;/tr&gt;&lt;tr&gt;&lt;td colspan="3"&gt;&lt;a href="beforelogin.png"&gt;&lt;img src="beforelogin.png" width="800px"&gt;&lt;/a&gt;</msg>
<arg>${OUTPUT DIR}/beforelogin.png</arg>
<doc>Takes a screenshot of the current page and embeds it into a log file.</doc>
<status status="PASS" start="2026-01-29T18:59:48.846795" elapsed="0.079057"/>
</kw>
<kw name="Input Text" owner="SeleniumLibrary">
<msg time="2026-01-29T18:59:48.938595" level="INFO">Typing text 'problem_user' into text field 'id:user-name'.</msg>
<arg>id:user-name</arg>
<arg>${USERNAME}</arg>
<doc>Types the given ``text`` into the text field identified by ``locator``.</doc>
<status status="PASS" start="2026-01-29T18:59:48.938595" elapsed="0.087881"/>
</kw>
<kw name="Input Password" owner="SeleniumLibrary">
<msg time="2026-01-29T18:59:49.026476" level="INFO">Typing password into text field 'id:password'.</msg>
<msg time="2026-01-29T18:59:49.053352" level="INFO">Temporally setting log level to: NONE</msg>
<arg>id:password</arg>
<arg>${PASSWORD}</arg>
<doc>Types the given password into the text field identified by ``locator``.</doc>
<status status="PASS" start="2026-01-29T18:59:49.026476" elapsed="0.073585"/>
</kw>
<kw name="Click Button" owner="SeleniumLibrary">
<msg time="2026-01-29T18:59:49.101967" level="INFO">Clicking button 'id:login-button'.</msg>
<arg>id:login-button</arg>
<doc>Clicks the button identified by ``locator``.</doc>
<status status="PASS" start="2026-01-29T18:59:49.101967" elapsed="0.087788"/>
</kw>
<kw name="Sleep" owner="BuiltIn">
<msg time="2026-01-29T18:59:51.191219" level="INFO">Slept 2 seconds.</msg>
<arg>2s</arg>
<doc>Pauses the test executed for the given time.</doc>
<status status="PASS" start="2026-01-29T18:59:49.190511" elapsed="2.000708"/>
</kw>
<kw name="Capture Page Screenshot" owner="SeleniumLibrary">
<msg time="2026-01-29T18:59:51.298982" level="INFO" html="true">&lt;/td&gt;&lt;/tr&gt;&lt;tr&gt;&lt;td colspan="3"&gt;&lt;a href="afterlogin.png"&gt;&lt;img src="afterlogin.png" width="800px"&gt;&lt;/a&gt;</msg>
<arg>${OUTPUT DIR}/afterlogin.png</arg>
<doc>Takes a screenshot of the current page and embeds it into a log file.</doc>
<status status="PASS" start="2026-01-29T18:59:51.191219" elapsed="0.107763"/>
</kw>
<kw name="Title Should Be" owner="SeleniumLibrary">
<msg time="2026-01-29T18:59:51.303951" level="INFO">Page title is 'Swag Labs'.</msg>
<arg>Swag Labs</arg>
<doc>Verifies that the current page title equals ``title``.</doc>
<status status="PASS" start="2026-01-29T18:59:51.298982" elapsed="0.005976"/>
</kw>
<kw name="Close Browser" owner="SeleniumLibrary">
<doc>Closes the current browser.</doc>
<status status="PASS" start="2026-01-29T18:59:51.304958" elapsed="2.165849"/>
</kw>
<status status="PASS" start="2026-01-29T18:59:45.367368" elapsed="8.103439"/>
</test>
<status status="PASS" start="2026-01-29T18:59:45.224870" elapsed="8.245937"/>
</suite>
<statistics>
<total>
<stat pass="1" fail="0" skip="0">All Tests</stat>
</total>
<tag>
</tag>
<suite>
<stat name="4" id="s1" pass="1" fail="0" skip="0">4</stat>
</suite>
</statistics>
<errors>
</errors>
</robot>
