<?xml version="1.0" encoding="UTF-8"?>
<robot generator="Robot 7.4.1 (Python 3.12.9 on win32)" generated="2026-02-02T16:51:03.898176" rpa="false" schemaversion="5">
<suite id="s1" name="Q1" source="G:\codes\wipro training\assignments\day14_q1\q1.robot">
<kw name="Open Site" type="SETUP">
<kw name="Open Browser" owner="SeleniumLibrary">
<msg time="2026-02-02T16:51:04.702063" level="INFO">Opening browser 'chrome' to base url 'https://opensource-demo.orangehrmlive.com/web/index.php/auth/login'.</msg>
<arg>${URL}</arg>
<arg>${BROWSER}</arg>
<doc>Opens a new browser instance to the optional ``url``.</doc>
<status status="PASS" start="2026-02-02T16:51:04.702063" elapsed="15.914194"/>
</kw>
<kw name="Maximize Browser Window" owner="SeleniumLibrary">
<doc>Maximizes current browser window.</doc>
<status status="PASS" start="2026-02-02T16:51:20.616257" elapsed="0.020033"/>
</kw>
<status status="PASS" start="2026-02-02T16:51:04.701065" elapsed="15.935225"/>
</kw>
<test id="s1-t1" name="OrangeHRM Login" line="40">
<kw name="Log" owner="BuiltIn" type="SETUP">
<msg time="2026-02-02T16:51:20.638281" level="INFO">Starting Test</msg>
<arg>Starting Test</arg>
<doc>Logs the given message with the given level.</doc>
<status status="PASS" start="2026-02-02T16:51:20.638281" elapsed="0.000000"/>
</kw>
<kw name="Login Test">
<kw name="Wait Until Element Is Visible" owner="SeleniumLibrary">
<arg>name=username</arg>
<arg>10s</arg>
<doc>Waits until the element ``locator`` is visible.</doc>
<status status="PASS" start="2026-02-02T16:51:20.639299" elapsed="3.945064"/>
</kw>
<kw name="Input Text" owner="SeleniumLibrary">
<msg time="2026-02-02T16:51:24.584363" level="INFO">Typing text 'Admin' into text field 'name:username'.</msg>
<arg>name:username</arg>
<arg>${username}</arg>
<doc>Types the given ``text`` into the text field identified by ``locator``.</doc>
<status status="PASS" start="2026-02-02T16:51:24.584363" elapsed="0.059887"/>
</kw>
<kw name="Input Text" owner="SeleniumLibrary">
<msg time="2026-02-02T16:51:24.645254" level="INFO">Typing text 'admin123' into text field 'name:password'.</msg>
<arg>name:password</arg>
<arg>${password}</arg>
<doc>Types the given ``text`` into the text field identified by ``locator``.</doc>
<status status="PASS" start="2026-02-02T16:51:24.644250" elapsed="0.075750"/>
</kw>
<kw name="Click Button" owner="SeleniumLibrary">
<msg time="2026-02-02T16:51:24.720999" level="INFO">Clicking button 'xpath://button[@type="submit"]'.</msg>
<arg>xpath://button[@type="submit"]</arg>
<doc>Clicks the button identified by ``locator``.</doc>
<status status="PASS" start="2026-02-02T16:51:24.720999" elapsed="0.056302"/>
</kw>
<kw name="Sleep" owner="BuiltIn">
<msg time="2026-02-02T16:51:26.777536" level="INFO">Slept 2 seconds.</msg>
<arg>2s</arg>
<doc>Pauses the test executed for the given time.</doc>
<status status="PASS" start="2026-02-02T16:51:24.777301" elapsed="2.000235"/>
</kw>
<kw name="Log To Console" owner="BuiltIn">
<arg>Login Done for ${username}</arg>
<doc>Logs the given message to the console.</doc>
<status status="PASS" start="2026-02-02T16:51:26.777536" elapsed="0.001005"/>
</kw>
<arg>username=Admin</arg>
<arg>password=admin123</arg>
<status status="PASS" start="2026-02-02T16:51:20.638281" elapsed="6.140260"/>
</kw>
<kw name="Capture Page Screenshot" owner="SeleniumLibrary" type="TEARDOWN">
<msg time="2026-02-02T16:51:32.199788" level="INFO" html="true">&lt;/td&gt;&lt;/tr&gt;&lt;tr&gt;&lt;td colspan="3"&gt;&lt;a href="selenium-screenshot-8.png"&gt;&lt;img src="selenium-screenshot-8.png" width="800px"&gt;&lt;/a&gt;</msg>
<doc>Takes a screenshot of the current page and embeds it into a log file.</doc>
<status status="PASS" start="2026-02-02T16:51:26.778541" elapsed="5.421247"/>
</kw>
<tag>smoke</tag>
<status status="PASS" start="2026-02-02T16:51:20.636290" elapsed="11.563498"/>
</test>
<kw name="Close Browser" owner="SeleniumLibrary" type="TEARDOWN">
<doc>Closes the current browser.</doc>
<status status="PASS" start="2026-02-02T16:51:32.200788" elapsed="2.165323"/>
</kw>
<status status="PASS" start="2026-02-02T16:51:03.899164" elapsed="30.466947"/>
</suite>
<statistics>
<total>
<stat pass="1" fail="0" skip="0">All Tests</stat>
</total>
<tag>
<stat pass="1" fail="0" skip="0">smoke</stat>
</tag>
<suite>
<stat name="Q1" id="s1" pass="1" fail="0" skip="0">Q1</stat>
</suite>
</statistics>
<errors>
</errors>
</robot>
